<?xml version="1.0" encoding="UTF-8"?>
<testsuite name="hexlet_junit.AppTest" tests="1" skipped="0" failures="0" errors="0" timestamp="2023-07-11T15:07:19" hostname="MBP-Denis.sknt.ru" time="0.017">
  <properties/>
  <testcase name="appHasAGreeting()" classname="hexlet_junit.AppTest" time="0.017"/>
  <system-out><![CDATA[]]></system-out>
  <system-err><![CDATA[]]></system-err>
</testsuite>
